

Started GET "/" for 127.0.0.1 at 2015-02-09 16:36:06 +0700
Processing by StaticPagesController#home as HTML
  Rendered static_pages/home.html.erb within layouts/application (0.9ms)
Completed 200 OK in 538ms (Views: 521.1ms | ActiveRecord: 0.0ms)


Started GET "/assets/static_pages.css?body=1" for 127.0.0.1 at 2015-02-09 16:36:07 +0700


Started GET "/assets/jquery.js?body=1" for 127.0.0.1 at 2015-02-09 16:36:07 +0700


Started GET "/assets/application.css?body=1" for 127.0.0.1 at 2015-02-09 16:36:07 +0700


Started GET "/assets/static_pages.js?body=1" for 127.0.0.1 at 2015-02-09 16:36:07 +0700


Started GET "/assets/turbolinks.js?body=1" for 127.0.0.1 at 2015-02-09 16:36:07 +0700


Started GET "/assets/jquery_ujs.js?body=1" for 127.0.0.1 at 2015-02-09 16:36:07 +0700


Started GET "/assets/application.js?body=1" for 127.0.0.1 at 2015-02-09 16:36:07 +0700


Started GET "/" for 127.0.0.1 at 2015-02-09 16:38:06 +0700
Processing by StaticPagesController#home as HTML
  Rendered static_pages/home.html.erb within layouts/application (30.0ms)
Completed 200 OK in 55ms (Views: 54.3ms | ActiveRecord: 0.0ms)


Started GET "/assets/jquery.js?body=1" for 127.0.0.1 at 2015-02-09 16:38:06 +0700


Started GET "/assets/static_pages.css?body=1" for 127.0.0.1 at 2015-02-09 16:38:06 +0700


Started GET "/assets/jquery_ujs.js?body=1" for 127.0.0.1 at 2015-02-09 16:38:06 +0700


Started GET "/assets/turbolinks.js?body=1" for 127.0.0.1 at 2015-02-09 16:38:06 +0700


Started GET "/assets/application.css?body=1" for 127.0.0.1 at 2015-02-09 16:38:06 +0700


Started GET "/assets/static_pages.js?body=1" for 127.0.0.1 at 2015-02-09 16:38:06 +0700


Started GET "/assets/application.js?body=1" for 127.0.0.1 at 2015-02-09 16:38:06 +0700


Started GET "/" for 127.0.0.1 at 2015-02-09 16:38:35 +0700
Processing by StaticPagesController#home as HTML
  Rendered static_pages/home.html.erb within layouts/application (0.5ms)
Completed 200 OK in 32ms (Views: 30.8ms | ActiveRecord: 0.0ms)


Started GET "/assets/static_pages.css?body=1" for 127.0.0.1 at 2015-02-09 16:38:35 +0700


Started GET "/assets/application.css?body=1" for 127.0.0.1 at 2015-02-09 16:38:35 +0700


Started GET "/assets/jquery.js?body=1" for 127.0.0.1 at 2015-02-09 16:38:35 +0700


Started GET "/assets/turbolinks.js?body=1" for 127.0.0.1 at 2015-02-09 16:38:35 +0700


Started GET "/assets/jquery_ujs.js?body=1" for 127.0.0.1 at 2015-02-09 16:38:35 +0700


Started GET "/assets/static_pages.js?body=1" for 127.0.0.1 at 2015-02-09 16:38:35 +0700


Started GET "/assets/application.js?body=1" for 127.0.0.1 at 2015-02-09 16:38:35 +0700


Started GET "/" for 127.0.0.1 at 2015-02-09 16:43:28 +0700
Processing by StaticPagesController#home as HTML
  Rendered static_pages/home.html.erb within layouts/application (0.5ms)
Completed 200 OK in 38ms (Views: 37.7ms | ActiveRecord: 0.0ms)


Started GET "/assets/static_pages.css?body=1" for 127.0.0.1 at 2015-02-09 16:43:28 +0700


Started GET "/assets/turbolinks.js?body=1" for 127.0.0.1 at 2015-02-09 16:43:28 +0700


Started GET "/assets/jquery.js?body=1" for 127.0.0.1 at 2015-02-09 16:43:28 +0700


Started GET "/assets/static_pages.js?body=1" for 127.0.0.1 at 2015-02-09 16:43:28 +0700


Started GET "/assets/jquery_ujs.js?body=1" for 127.0.0.1 at 2015-02-09 16:43:28 +0700


Started GET "/assets/application.css?body=1" for 127.0.0.1 at 2015-02-09 16:43:28 +0700


Started GET "/assets/application.js?body=1" for 127.0.0.1 at 2015-02-09 16:43:28 +0700


Started GET "/" for 127.0.0.1 at 2015-02-09 16:58:16 +0700
Processing by StaticPagesController#home as HTML
  Rendered static_pages/home.html.erb within layouts/application (0.1ms)
Completed 500 Internal Server Error in 2ms

SyntaxError (/home/huongnt/Ruby/w5/app_w5/app/views/layouts/application.html.erb:4: syntax error, unexpected '=', expecting keyword_end
  <title>'.freeze; =full_title(yield(:title));@ou...
                    ^):
  app/views/layouts/application.html.erb:4: syntax error, unexpected '=', expecting keyword_end


  Rendered /home/huongnt/.rvm/gems/ruby-2.2.0/gems/actionpack-4.1.2/lib/action_dispatch/middleware/templates/rescues/_source.erb (0.9ms)
  Rendered /home/huongnt/.rvm/gems/ruby-2.2.0/gems/actionpack-4.1.2/lib/action_dispatch/middleware/templates/rescues/_trace.html.erb (1.5ms)
  Rendered /home/huongnt/.rvm/gems/ruby-2.2.0/gems/actionpack-4.1.2/lib/action_dispatch/middleware/templates/rescues/_request_and_response.html.erb (1.0ms)
  Rendered /home/huongnt/.rvm/gems/ruby-2.2.0/gems/actionpack-4.1.2/lib/action_dispatch/middleware/templates/rescues/diagnostics.erb within rescues/layout (17.6ms)


Started GET "/" for 127.0.0.1 at 2015-02-09 16:58:51 +0700
Processing by StaticPagesController#home as HTML
  Rendered static_pages/home.html.erb within layouts/application (0.1ms)
  Rendered layouts/_shim.html.erb (0.3ms)
  Rendered layouts/_header.html.erb (0.3ms)
Completed 200 OK in 32ms (Views: 31.7ms | ActiveRecord: 0.0ms)


Started GET "/assets/static_pages.css?body=1" for 127.0.0.1 at 2015-02-09 16:58:52 +0700


Started GET "/assets/application.css?body=1" for 127.0.0.1 at 2015-02-09 16:58:52 +0700


Started GET "/assets/turbolinks.js?body=1" for 127.0.0.1 at 2015-02-09 16:58:52 +0700


Started GET "/assets/jquery.js?body=1" for 127.0.0.1 at 2015-02-09 16:58:52 +0700


Started GET "/assets/static_pages.js?body=1" for 127.0.0.1 at 2015-02-09 16:58:52 +0700


Started GET "/assets/jquery_ujs.js?body=1" for 127.0.0.1 at 2015-02-09 16:58:52 +0700


Started GET "/assets/application.js?body=1" for 127.0.0.1 at 2015-02-09 16:58:52 +0700


Started GET "/" for 127.0.0.1 at 2015-02-09 17:05:58 +0700
Processing by StaticPagesController#home as HTML
  Rendered static_pages/home.html.erb within layouts/application (0.1ms)
  Rendered layouts/_shim.html.erb (0.0ms)
  Rendered layouts/_header.html.erb (0.6ms)
Completed 200 OK in 36ms (Views: 35.6ms | ActiveRecord: 0.0ms)


Started GET "/assets/static_pages.css?body=1" for 127.0.0.1 at 2015-02-09 17:05:58 +0700


Started GET "/assets/turbolinks.js?body=1" for 127.0.0.1 at 2015-02-09 17:05:58 +0700


Started GET "/assets/application.css?body=1" for 127.0.0.1 at 2015-02-09 17:05:58 +0700


Started GET "/assets/static_pages.js?body=1" for 127.0.0.1 at 2015-02-09 17:05:58 +0700


Started GET "/assets/jquery_ujs.js?body=1" for 127.0.0.1 at 2015-02-09 17:05:58 +0700


Started GET "/assets/jquery.js?body=1" for 127.0.0.1 at 2015-02-09 17:05:58 +0700


Started GET "/assets/application.js?body=1" for 127.0.0.1 at 2015-02-09 17:05:58 +0700


Started GET "/" for 127.0.0.1 at 2015-02-09 17:09:20 +0700
Processing by StaticPagesController#home as HTML
  Rendered static_pages/home.html.erb within layouts/application (0.1ms)
Completed 500 Internal Server Error in 12ms

ActionView::Template::Error (File to import not found or unreadable: bootstrap-sprockets.
Load paths:
  /home/huongnt/Ruby/w5/app_w5/app/assets/images
  /home/huongnt/Ruby/w5/app_w5/app/assets/javascripts
  /home/huongnt/Ruby/w5/app_w5/app/assets/stylesheets
  /home/huongnt/Ruby/w5/app_w5/vendor/assets/javascripts
  /home/huongnt/Ruby/w5/app_w5/vendor/assets/stylesheets
  /home/huongnt/.rvm/gems/ruby-2.2.0/gems/turbolinks-2.5.3/lib/assets/javascripts
  /home/huongnt/.rvm/gems/ruby-2.2.0/gems/jquery-rails-3.1.2/vendor/assets/javascripts
  /home/huongnt/.rvm/gems/ruby-2.2.0/gems/coffee-rails-4.0.1/lib/assets/javascripts
  (in /home/huongnt/Ruby/w5/app_w5/app/assets/stylesheets/static_pages.css.scss:4)):
    2: <html>
    3: <head>
    4:   <title><%= full_title(yield(:title))%></title>
    5:   <%= stylesheet_link_tag    'application', media: 'all', 'data-turbolinks-track' => true %>
    6:   <%= javascript_include_tag 'application', 'data-turbolinks-track' => true %>
    7:   <%= csrf_meta_tags %>
    8:   <%= render 'layouts/shim' %>
  app/assets/stylesheets/static_pages.css.scss:4
  app/views/layouts/application.html.erb:5:in `_app_views_layouts_application_html_erb___4082974105500055789_69949718102080'


  Rendered /home/huongnt/.rvm/gems/ruby-2.2.0/gems/actionpack-4.1.2/lib/action_dispatch/middleware/templates/rescues/_trace.html.erb (1.5ms)
  Rendered /home/huongnt/.rvm/gems/ruby-2.2.0/gems/actionpack-4.1.2/lib/action_dispatch/middleware/templates/rescues/_request_and_response.html.erb (1.0ms)
  Rendered /home/huongnt/.rvm/gems/ruby-2.2.0/gems/actionpack-4.1.2/lib/action_dispatch/middleware/templates/rescues/template_error.html.erb within rescues/layout (11.9ms)


Started GET "/" for 127.0.0.1 at 2015-02-09 17:13:12 +0700
Processing by StaticPagesController#home as HTML
  Rendered static_pages/home.html.erb within layouts/application (0.1ms)
Completed 500 Internal Server Error in 18ms

ActionView::Template::Error (File to import not found or unreadable: bootstrap-sprockets.
Load paths:
  /home/huongnt/Ruby/w5/app_w5/app/assets/images
  /home/huongnt/Ruby/w5/app_w5/app/assets/javascripts
  /home/huongnt/Ruby/w5/app_w5/app/assets/stylesheets
  /home/huongnt/Ruby/w5/app_w5/vendor/assets/javascripts
  /home/huongnt/Ruby/w5/app_w5/vendor/assets/stylesheets
  /home/huongnt/.rvm/gems/ruby-2.2.0/gems/turbolinks-2.5.3/lib/assets/javascripts
  /home/huongnt/.rvm/gems/ruby-2.2.0/gems/jquery-rails-3.1.2/vendor/assets/javascripts
  /home/huongnt/.rvm/gems/ruby-2.2.0/gems/coffee-rails-4.0.1/lib/assets/javascripts
  (in /home/huongnt/Ruby/w5/app_w5/app/assets/stylesheets/static_pages.css.scss:4)):
    2: <html>
    3: <head>
    4:   <title><%= full_title(yield(:title))%></title>
    5:   <%= stylesheet_link_tag    'application', media: 'all', 'data-turbolinks-track' => true %>
    6:   <%= javascript_include_tag 'application', 'data-turbolinks-track' => true %>
    7:   <%= csrf_meta_tags %>
    8:   <%= render 'layouts/shim' %>
  app/assets/stylesheets/static_pages.css.scss:4
  app/views/layouts/application.html.erb:5:in `_app_views_layouts_application_html_erb___4082974105500055789_69949718102080'


  Rendered /home/huongnt/.rvm/gems/ruby-2.2.0/gems/actionpack-4.1.2/lib/action_dispatch/middleware/templates/rescues/_trace.html.erb (1.4ms)
  Rendered /home/huongnt/.rvm/gems/ruby-2.2.0/gems/actionpack-4.1.2/lib/action_dispatch/middleware/templates/rescues/_request_and_response.html.erb (1.0ms)
  Rendered /home/huongnt/.rvm/gems/ruby-2.2.0/gems/actionpack-4.1.2/lib/action_dispatch/middleware/templates/rescues/template_error.html.erb within rescues/layout (11.5ms)


Started GET "/" for 127.0.0.1 at 2015-02-09 17:13:13 +0700
Processing by StaticPagesController#home as HTML
  Rendered static_pages/home.html.erb within layouts/application (0.1ms)
Completed 500 Internal Server Error in 15ms

ActionView::Template::Error (File to import not found or unreadable: bootstrap-sprockets.
Load paths:
  /home/huongnt/Ruby/w5/app_w5/app/assets/images
  /home/huongnt/Ruby/w5/app_w5/app/assets/javascripts
  /home/huongnt/Ruby/w5/app_w5/app/assets/stylesheets
  /home/huongnt/Ruby/w5/app_w5/vendor/assets/javascripts
  /home/huongnt/Ruby/w5/app_w5/vendor/assets/stylesheets
  /home/huongnt/.rvm/gems/ruby-2.2.0/gems/turbolinks-2.5.3/lib/assets/javascripts
  /home/huongnt/.rvm/gems/ruby-2.2.0/gems/jquery-rails-3.1.2/vendor/assets/javascripts
  /home/huongnt/.rvm/gems/ruby-2.2.0/gems/coffee-rails-4.0.1/lib/assets/javascripts
  (in /home/huongnt/Ruby/w5/app_w5/app/assets/stylesheets/static_pages.css.scss:4)):
    2: <html>
    3: <head>
    4:   <title><%= full_title(yield(:title))%></title>
    5:   <%= stylesheet_link_tag    'application', media: 'all', 'data-turbolinks-track' => true %>
    6:   <%= javascript_include_tag 'application', 'data-turbolinks-track' => true %>
    7:   <%= csrf_meta_tags %>
    8:   <%= render 'layouts/shim' %>
  app/assets/stylesheets/static_pages.css.scss:4
  app/views/layouts/application.html.erb:5:in `_app_views_layouts_application_html_erb___4082974105500055789_69949718102080'


  Rendered /home/huongnt/.rvm/gems/ruby-2.2.0/gems/actionpack-4.1.2/lib/action_dispatch/middleware/templates/rescues/_trace.html.erb (1.4ms)
  Rendered /home/huongnt/.rvm/gems/ruby-2.2.0/gems/actionpack-4.1.2/lib/action_dispatch/middleware/templates/rescues/_request_and_response.html.erb (0.9ms)
  Rendered /home/huongnt/.rvm/gems/ruby-2.2.0/gems/actionpack-4.1.2/lib/action_dispatch/middleware/templates/rescues/template_error.html.erb within rescues/layout (11.3ms)


Started GET "/" for 127.0.0.1 at 2015-02-09 17:13:13 +0700
Processing by StaticPagesController#home as HTML
  Rendered static_pages/home.html.erb within layouts/application (0.1ms)
Completed 500 Internal Server Error in 12ms

ActionView::Template::Error (File to import not found or unreadable: bootstrap-sprockets.
Load paths:
  /home/huongnt/Ruby/w5/app_w5/app/assets/images
  /home/huongnt/Ruby/w5/app_w5/app/assets/javascripts
  /home/huongnt/Ruby/w5/app_w5/app/assets/stylesheets
  /home/huongnt/Ruby/w5/app_w5/vendor/assets/javascripts
  /home/huongnt/Ruby/w5/app_w5/vendor/assets/stylesheets
  /home/huongnt/.rvm/gems/ruby-2.2.0/gems/turbolinks-2.5.3/lib/assets/javascripts
  /home/huongnt/.rvm/gems/ruby-2.2.0/gems/jquery-rails-3.1.2/vendor/assets/javascripts
  /home/huongnt/.rvm/gems/ruby-2.2.0/gems/coffee-rails-4.0.1/lib/assets/javascripts
  (in /home/huongnt/Ruby/w5/app_w5/app/assets/stylesheets/static_pages.css.scss:4)):
    2: <html>
    3: <head>
    4:   <title><%= full_title(yield(:title))%></title>
    5:   <%= stylesheet_link_tag    'application', media: 'all', 'data-turbolinks-track' => true %>
    6:   <%= javascript_include_tag 'application', 'data-turbolinks-track' => true %>
    7:   <%= csrf_meta_tags %>
    8:   <%= render 'layouts/shim' %>
  app/assets/stylesheets/static_pages.css.scss:4
  app/views/layouts/application.html.erb:5:in `_app_views_layouts_application_html_erb___4082974105500055789_69949718102080'


  Rendered /home/huongnt/.rvm/gems/ruby-2.2.0/gems/actionpack-4.1.2/lib/action_dispatch/middleware/templates/rescues/_trace.html.erb (1.2ms)
  Rendered /home/huongnt/.rvm/gems/ruby-2.2.0/gems/actionpack-4.1.2/lib/action_dispatch/middleware/templates/rescues/_request_and_response.html.erb (0.8ms)
  Rendered /home/huongnt/.rvm/gems/ruby-2.2.0/gems/actionpack-4.1.2/lib/action_dispatch/middleware/templates/rescues/template_error.html.erb within rescues/layout (11.0ms)


Started GET "/" for 127.0.0.1 at 2015-02-09 17:13:13 +0700
Processing by StaticPagesController#home as HTML
  Rendered static_pages/home.html.erb within layouts/application (0.3ms)
Completed 500 Internal Server Error in 15ms

ActionView::Template::Error (File to import not found or unreadable: bootstrap-sprockets.
Load paths:
  /home/huongnt/Ruby/w5/app_w5/app/assets/images
  /home/huongnt/Ruby/w5/app_w5/app/assets/javascripts
  /home/huongnt/Ruby/w5/app_w5/app/assets/stylesheets
  /home/huongnt/Ruby/w5/app_w5/vendor/assets/javascripts
  /home/huongnt/Ruby/w5/app_w5/vendor/assets/stylesheets
  /home/huongnt/.rvm/gems/ruby-2.2.0/gems/turbolinks-2.5.3/lib/assets/javascripts
  /home/huongnt/.rvm/gems/ruby-2.2.0/gems/jquery-rails-3.1.2/vendor/assets/javascripts
  /home/huongnt/.rvm/gems/ruby-2.2.0/gems/coffee-rails-4.0.1/lib/assets/javascripts
  (in /home/huongnt/Ruby/w5/app_w5/app/assets/stylesheets/static_pages.css.scss:4)):
    2: <html>
    3: <head>
    4:   <title><%= full_title(yield(:title))%></title>
    5:   <%= stylesheet_link_tag    'application', media: 'all', 'data-turbolinks-track' => true %>
    6:   <%= javascript_include_tag 'application', 'data-turbolinks-track' => true %>
    7:   <%= csrf_meta_tags %>
    8:   <%= render 'layouts/shim' %>
  app/assets/stylesheets/static_pages.css.scss:4
  app/views/layouts/application.html.erb:5:in `_app_views_layouts_application_html_erb___4082974105500055789_69949718102080'


  Rendered /home/huongnt/.rvm/gems/ruby-2.2.0/gems/actionpack-4.1.2/lib/action_dispatch/middleware/templates/rescues/_trace.html.erb (1.4ms)
  Rendered /home/huongnt/.rvm/gems/ruby-2.2.0/gems/actionpack-4.1.2/lib/action_dispatch/middleware/templates/rescues/_request_and_response.html.erb (0.8ms)
  Rendered /home/huongnt/.rvm/gems/ruby-2.2.0/gems/actionpack-4.1.2/lib/action_dispatch/middleware/templates/rescues/template_error.html.erb within rescues/layout (11.0ms)


Started GET "/" for 127.0.0.1 at 2015-02-09 17:13:13 +0700
Processing by StaticPagesController#home as HTML
  Rendered static_pages/home.html.erb within layouts/application (0.1ms)
Completed 500 Internal Server Error in 13ms

ActionView::Template::Error (File to import not found or unreadable: bootstrap-sprockets.
Load paths:
  /home/huongnt/Ruby/w5/app_w5/app/assets/images
  /home/huongnt/Ruby/w5/app_w5/app/assets/javascripts
  /home/huongnt/Ruby/w5/app_w5/app/assets/stylesheets
  /home/huongnt/Ruby/w5/app_w5/vendor/assets/javascripts
  /home/huongnt/Ruby/w5/app_w5/vendor/assets/stylesheets
  /home/huongnt/.rvm/gems/ruby-2.2.0/gems/turbolinks-2.5.3/lib/assets/javascripts
  /home/huongnt/.rvm/gems/ruby-2.2.0/gems/jquery-rails-3.1.2/vendor/assets/javascripts
  /home/huongnt/.rvm/gems/ruby-2.2.0/gems/coffee-rails-4.0.1/lib/assets/javascripts
  (in /home/huongnt/Ruby/w5/app_w5/app/assets/stylesheets/static_pages.css.scss:4)):
    2: <html>
    3: <head>
    4:   <title><%= full_title(yield(:title))%></title>
    5:   <%= stylesheet_link_tag    'application', media: 'all', 'data-turbolinks-track' => true %>
    6:   <%= javascript_include_tag 'application', 'data-turbolinks-track' => true %>
    7:   <%= csrf_meta_tags %>
    8:   <%= render 'layouts/shim' %>
  app/assets/stylesheets/static_pages.css.scss:4
  app/views/layouts/application.html.erb:5:in `_app_views_layouts_application_html_erb___4082974105500055789_69949718102080'


  Rendered /home/huongnt/.rvm/gems/ruby-2.2.0/gems/actionpack-4.1.2/lib/action_dispatch/middleware/templates/rescues/_trace.html.erb (1.5ms)
  Rendered /home/huongnt/.rvm/gems/ruby-2.2.0/gems/actionpack-4.1.2/lib/action_dispatch/middleware/templates/rescues/_request_and_response.html.erb (0.8ms)
  Rendered /home/huongnt/.rvm/gems/ruby-2.2.0/gems/actionpack-4.1.2/lib/action_dispatch/middleware/templates/rescues/template_error.html.erb within rescues/layout (11.5ms)


Started GET "/" for 127.0.0.1 at 2015-02-09 17:13:14 +0700
Processing by StaticPagesController#home as HTML
  Rendered static_pages/home.html.erb within layouts/application (0.1ms)
Completed 500 Internal Server Error in 18ms

ActionView::Template::Error (File to import not found or unreadable: bootstrap-sprockets.
Load paths:
  /home/huongnt/Ruby/w5/app_w5/app/assets/images
  /home/huongnt/Ruby/w5/app_w5/app/assets/javascripts
  /home/huongnt/Ruby/w5/app_w5/app/assets/stylesheets
  /home/huongnt/Ruby/w5/app_w5/vendor/assets/javascripts
  /home/huongnt/Ruby/w5/app_w5/vendor/assets/stylesheets
  /home/huongnt/.rvm/gems/ruby-2.2.0/gems/turbolinks-2.5.3/lib/assets/javascripts
  /home/huongnt/.rvm/gems/ruby-2.2.0/gems/jquery-rails-3.1.2/vendor/assets/javascripts
  /home/huongnt/.rvm/gems/ruby-2.2.0/gems/coffee-rails-4.0.1/lib/assets/javascripts
  (in /home/huongnt/Ruby/w5/app_w5/app/assets/stylesheets/static_pages.css.scss:4)):
    2: <html>
    3: <head>
    4:   <title><%= full_title(yield(:title))%></title>
    5:   <%= stylesheet_link_tag    'application', media: 'all', 'data-turbolinks-track' => true %>
    6:   <%= javascript_include_tag 'application', 'data-turbolinks-track' => true %>
    7:   <%= csrf_meta_tags %>
    8:   <%= render 'layouts/shim' %>
  app/assets/stylesheets/static_pages.css.scss:4
  app/views/layouts/application.html.erb:5:in `_app_views_layouts_application_html_erb___4082974105500055789_69949718102080'


  Rendered /home/huongnt/.rvm/gems/ruby-2.2.0/gems/actionpack-4.1.2/lib/action_dispatch/middleware/templates/rescues/_trace.html.erb (2.2ms)
  Rendered /home/huongnt/.rvm/gems/ruby-2.2.0/gems/actionpack-4.1.2/lib/action_dispatch/middleware/templates/rescues/_request_and_response.html.erb (1.2ms)
  Rendered /home/huongnt/.rvm/gems/ruby-2.2.0/gems/actionpack-4.1.2/lib/action_dispatch/middleware/templates/rescues/template_error.html.erb within rescues/layout (15.1ms)


Started GET "/" for 127.0.0.1 at 2015-02-09 17:13:19 +0700
Processing by StaticPagesController#home as HTML
  Rendered static_pages/home.html.erb within layouts/application (0.2ms)
Completed 500 Internal Server Error in 15ms

ActionView::Template::Error (File to import not found or unreadable: bootstrap-sprockets.
Load paths:
  /home/huongnt/Ruby/w5/app_w5/app/assets/images
  /home/huongnt/Ruby/w5/app_w5/app/assets/javascripts
  /home/huongnt/Ruby/w5/app_w5/app/assets/stylesheets
  /home/huongnt/Ruby/w5/app_w5/vendor/assets/javascripts
  /home/huongnt/Ruby/w5/app_w5/vendor/assets/stylesheets
  /home/huongnt/.rvm/gems/ruby-2.2.0/gems/turbolinks-2.5.3/lib/assets/javascripts
  /home/huongnt/.rvm/gems/ruby-2.2.0/gems/jquery-rails-3.1.2/vendor/assets/javascripts
  /home/huongnt/.rvm/gems/ruby-2.2.0/gems/coffee-rails-4.0.1/lib/assets/javascripts
  (in /home/huongnt/Ruby/w5/app_w5/app/assets/stylesheets/static_pages.css.scss:4)):
    2: <html>
    3: <head>
    4:   <title><%= full_title(yield(:title))%></title>
    5:   <%= stylesheet_link_tag    'application', media: 'all', 'data-turbolinks-track' => true %>
    6:   <%= javascript_include_tag 'application', 'data-turbolinks-track' => true %>
    7:   <%= csrf_meta_tags %>
    8:   <%= render 'layouts/shim' %>
  app/assets/stylesheets/static_pages.css.scss:4
  app/views/layouts/application.html.erb:5:in `_app_views_layouts_application_html_erb___4082974105500055789_69949718102080'


  Rendered /home/huongnt/.rvm/gems/ruby-2.2.0/gems/actionpack-4.1.2/lib/action_dispatch/middleware/templates/rescues/_trace.html.erb (1.3ms)
  Rendered /home/huongnt/.rvm/gems/ruby-2.2.0/gems/actionpack-4.1.2/lib/action_dispatch/middleware/templates/rescues/_request_and_response.html.erb (0.8ms)
  Rendered /home/huongnt/.rvm/gems/ruby-2.2.0/gems/actionpack-4.1.2/lib/action_dispatch/middleware/templates/rescues/template_error.html.erb within rescues/layout (11.1ms)


Started GET "/" for 127.0.0.1 at 2015-02-09 17:14:16 +0700
Processing by StaticPagesController#home as HTML
  Rendered static_pages/home.html.erb within layouts/application (1.0ms)
Completed 500 Internal Server Error in 31ms

ActionView::Template::Error (File to import not found or unreadable: bootstrap-sprockets.
Load paths:
  /home/huongnt/Ruby/w5/app_w5/app/assets/images
  /home/huongnt/Ruby/w5/app_w5/app/assets/javascripts
  /home/huongnt/Ruby/w5/app_w5/app/assets/stylesheets
  /home/huongnt/Ruby/w5/app_w5/vendor/assets/javascripts
  /home/huongnt/Ruby/w5/app_w5/vendor/assets/stylesheets
  /home/huongnt/.rvm/gems/ruby-2.2.0/gems/turbolinks-2.5.3/lib/assets/javascripts
  /home/huongnt/.rvm/gems/ruby-2.2.0/gems/jquery-rails-3.1.2/vendor/assets/javascripts
  /home/huongnt/.rvm/gems/ruby-2.2.0/gems/coffee-rails-4.0.1/lib/assets/javascripts
  (in /home/huongnt/Ruby/w5/app_w5/app/assets/stylesheets/static_pages.css.scss:4)):
    2: <html>
    3: <head>
    4:   <title><%= full_title(yield(:title))%></title>
    5:   <%= stylesheet_link_tag    'application', media: 'all', 'data-turbolinks-track' => true %>
    6:   <%= javascript_include_tag 'application', 'data-turbolinks-track' => true %>
    7:   <%= csrf_meta_tags %>
    8:   <%= render 'layouts/shim' %>
  app/assets/stylesheets/static_pages.css.scss:4
  app/views/layouts/application.html.erb:5:in `_app_views_layouts_application_html_erb___3339888159226501083_69992235176740'


  Rendered /home/huongnt/.rvm/gems/ruby-2.2.0/gems/actionpack-4.1.2/lib/action_dispatch/middleware/templates/rescues/_trace.html.erb (1.5ms)
  Rendered /home/huongnt/.rvm/gems/ruby-2.2.0/gems/actionpack-4.1.2/lib/action_dispatch/middleware/templates/rescues/_request_and_response.html.erb (1.0ms)
  Rendered /home/huongnt/.rvm/gems/ruby-2.2.0/gems/actionpack-4.1.2/lib/action_dispatch/middleware/templates/rescues/template_error.html.erb within rescues/layout (11.6ms)


Started GET "/" for 127.0.0.1 at 2015-02-09 17:14:17 +0700
Processing by StaticPagesController#home as HTML
  Rendered static_pages/home.html.erb within layouts/application (0.1ms)
Completed 500 Internal Server Error in 19ms

ActionView::Template::Error (File to import not found or unreadable: bootstrap-sprockets.
Load paths:
  /home/huongnt/Ruby/w5/app_w5/app/assets/images
  /home/huongnt/Ruby/w5/app_w5/app/assets/javascripts
  /home/huongnt/Ruby/w5/app_w5/app/assets/stylesheets
  /home/huongnt/Ruby/w5/app_w5/vendor/assets/javascripts
  /home/huongnt/Ruby/w5/app_w5/vendor/assets/stylesheets
  /home/huongnt/.rvm/gems/ruby-2.2.0/gems/turbolinks-2.5.3/lib/assets/javascripts
  /home/huongnt/.rvm/gems/ruby-2.2.0/gems/jquery-rails-3.1.2/vendor/assets/javascripts
  /home/huongnt/.rvm/gems/ruby-2.2.0/gems/coffee-rails-4.0.1/lib/assets/javascripts
  (in /home/huongnt/Ruby/w5/app_w5/app/assets/stylesheets/static_pages.css.scss:4)):
    2: <html>
    3: <head>
    4:   <title><%= full_title(yield(:title))%></title>
    5:   <%= stylesheet_link_tag    'application', media: 'all', 'data-turbolinks-track' => true %>
    6:   <%= javascript_include_tag 'application', 'data-turbolinks-track' => true %>
    7:   <%= csrf_meta_tags %>
    8:   <%= render 'layouts/shim' %>
  app/assets/stylesheets/static_pages.css.scss:4
  app/views/layouts/application.html.erb:5:in `_app_views_layouts_application_html_erb___3339888159226501083_69992235176740'


  Rendered /home/huongnt/.rvm/gems/ruby-2.2.0/gems/actionpack-4.1.2/lib/action_dispatch/middleware/templates/rescues/_trace.html.erb (1.3ms)
  Rendered /home/huongnt/.rvm/gems/ruby-2.2.0/gems/actionpack-4.1.2/lib/action_dispatch/middleware/templates/rescues/_request_and_response.html.erb (0.9ms)
  Rendered /home/huongnt/.rvm/gems/ruby-2.2.0/gems/actionpack-4.1.2/lib/action_dispatch/middleware/templates/rescues/template_error.html.erb within rescues/layout (11.6ms)


Started GET "/" for 127.0.0.1 at 2015-02-09 17:17:51 +0700
Processing by StaticPagesController#home as HTML
  Rendered static_pages/home.html.erb within layouts/application (0.9ms)
Completed 500 Internal Server Error in 33ms

ActionView::Template::Error (File to import not found or unreadable: bootstrap-sprockets.
Load paths:
  /home/huongnt/Ruby/w5/app_w5/app/assets/images
  /home/huongnt/Ruby/w5/app_w5/app/assets/javascripts
  /home/huongnt/Ruby/w5/app_w5/app/assets/stylesheets
  /home/huongnt/Ruby/w5/app_w5/vendor/assets/javascripts
  /home/huongnt/Ruby/w5/app_w5/vendor/assets/stylesheets
  /home/huongnt/.rvm/gems/ruby-2.2.0/gems/turbolinks-2.5.3/lib/assets/javascripts
  /home/huongnt/.rvm/gems/ruby-2.2.0/gems/jquery-rails-3.1.2/vendor/assets/javascripts
  /home/huongnt/.rvm/gems/ruby-2.2.0/gems/coffee-rails-4.0.1/lib/assets/javascripts
  (in /home/huongnt/Ruby/w5/app_w5/app/assets/stylesheets/static_pages.css.scss:4)):
    2: <html>
    3: <head>
    4:   <title><%= full_title(yield(:title))%></title>
    5:   <%= stylesheet_link_tag    'application', media: 'all', 'data-turbolinks-track' => true %>
    6:   <%= javascript_include_tag 'application', 'data-turbolinks-track' => true %>
    7:   <%= csrf_meta_tags %>
    8:   <%= render 'layouts/shim' %>
  app/assets/stylesheets/static_pages.css.scss:4
  app/views/layouts/application.html.erb:5:in `_app_views_layouts_application_html_erb___1973315636193394402_70079610896560'


  Rendered /home/huongnt/.rvm/gems/ruby-2.2.0/gems/actionpack-4.1.2/lib/action_dispatch/middleware/templates/rescues/_trace.html.erb (1.3ms)
  Rendered /home/huongnt/.rvm/gems/ruby-2.2.0/gems/actionpack-4.1.2/lib/action_dispatch/middleware/templates/rescues/_request_and_response.html.erb (1.1ms)
  Rendered /home/huongnt/.rvm/gems/ruby-2.2.0/gems/actionpack-4.1.2/lib/action_dispatch/middleware/templates/rescues/template_error.html.erb within rescues/layout (11.6ms)


Started GET "/" for 127.0.0.1 at 2015-02-09 17:17:52 +0700
Processing by StaticPagesController#home as HTML
  Rendered static_pages/home.html.erb within layouts/application (0.2ms)
Completed 500 Internal Server Error in 18ms

ActionView::Template::Error (File to import not found or unreadable: bootstrap-sprockets.
Load paths:
  /home/huongnt/Ruby/w5/app_w5/app/assets/images
  /home/huongnt/Ruby/w5/app_w5/app/assets/javascripts
  /home/huongnt/Ruby/w5/app_w5/app/assets/stylesheets
  /home/huongnt/Ruby/w5/app_w5/vendor/assets/javascripts
  /home/huongnt/Ruby/w5/app_w5/vendor/assets/stylesheets
  /home/huongnt/.rvm/gems/ruby-2.2.0/gems/turbolinks-2.5.3/lib/assets/javascripts
  /home/huongnt/.rvm/gems/ruby-2.2.0/gems/jquery-rails-3.1.2/vendor/assets/javascripts
  /home/huongnt/.rvm/gems/ruby-2.2.0/gems/coffee-rails-4.0.1/lib/assets/javascripts
  (in /home/huongnt/Ruby/w5/app_w5/app/assets/stylesheets/static_pages.css.scss:4)):
    2: <html>
    3: <head>
    4:   <title><%= full_title(yield(:title))%></title>
    5:   <%= stylesheet_link_tag    'application', media: 'all', 'data-turbolinks-track' => true %>
    6:   <%= javascript_include_tag 'application', 'data-turbolinks-track' => true %>
    7:   <%= csrf_meta_tags %>
    8:   <%= render 'layouts/shim' %>
  app/assets/stylesheets/static_pages.css.scss:4
  app/views/layouts/application.html.erb:5:in `_app_views_layouts_application_html_erb___1973315636193394402_70079610896560'


  Rendered /home/huongnt/.rvm/gems/ruby-2.2.0/gems/actionpack-4.1.2/lib/action_dispatch/middleware/templates/rescues/_trace.html.erb (1.3ms)
  Rendered /home/huongnt/.rvm/gems/ruby-2.2.0/gems/actionpack-4.1.2/lib/action_dispatch/middleware/templates/rescues/_request_and_response.html.erb (0.9ms)
  Rendered /home/huongnt/.rvm/gems/ruby-2.2.0/gems/actionpack-4.1.2/lib/action_dispatch/middleware/templates/rescues/template_error.html.erb within rescues/layout (11.3ms)


Started GET "/" for 127.0.0.1 at 2015-02-10 15:12:03 +0700
Processing by StaticPagesController#home as HTML
  Rendered static_pages/home.html.erb within layouts/application (1.3ms)
Completed 500 Internal Server Error in 121ms

ActionView::Template::Error (File to import not found or unreadable: bootstrap-sprockets.
Load paths:
  /home/huongnt/Ruby/w5/app_w5/app/assets/images
  /home/huongnt/Ruby/w5/app_w5/app/assets/javascripts
  /home/huongnt/Ruby/w5/app_w5/app/assets/stylesheets
  /home/huongnt/Ruby/w5/app_w5/vendor/assets/javascripts
  /home/huongnt/Ruby/w5/app_w5/vendor/assets/stylesheets
  /home/huongnt/.rvm/gems/ruby-2.2.0/gems/turbolinks-2.5.3/lib/assets/javascripts
  /home/huongnt/.rvm/gems/ruby-2.2.0/gems/jquery-rails-3.1.2/vendor/assets/javascripts
  /home/huongnt/.rvm/gems/ruby-2.2.0/gems/coffee-rails-4.0.1/lib/assets/javascripts
  (in /home/huongnt/Ruby/w5/app_w5/app/assets/stylesheets/static_pages.css.scss:4)):
    2: <html>
    3: <head>
    4:   <title><%= full_title(yield(:title))%></title>
    5:   <%= stylesheet_link_tag    'application', media: 'all', 'data-turbolinks-track' => true %>
    6:   <%= javascript_include_tag 'application', 'data-turbolinks-track' => true %>
    7:   <%= csrf_meta_tags %>
    8:   <%= render 'layouts/shim' %>
  app/assets/stylesheets/static_pages.css.scss:4
  app/views/layouts/application.html.erb:5:in `_app_views_layouts_application_html_erb__276299234091796072_70315800575260'


  Rendered /home/huongnt/.rvm/gems/ruby-2.2.0/gems/actionpack-4.1.2/lib/action_dispatch/middleware/templates/rescues/_trace.html.erb (1.8ms)
  Rendered /home/huongnt/.rvm/gems/ruby-2.2.0/gems/actionpack-4.1.2/lib/action_dispatch/middleware/templates/rescues/_request_and_response.html.erb (1.1ms)
  Rendered /home/huongnt/.rvm/gems/ruby-2.2.0/gems/actionpack-4.1.2/lib/action_dispatch/middleware/templates/rescues/template_error.html.erb within rescues/layout (14.9ms)


Started GET "/" for 127.0.0.1 at 2015-02-10 15:16:41 +0700
Processing by StaticPagesController#home as HTML
  Rendered static_pages/home.html.erb within layouts/application (1.0ms)
  Rendered layouts/_shim.html.erb (0.3ms)
  Rendered layouts/_header.html.erb (4.0ms)
Completed 200 OK in 2420ms (Views: 2403.2ms | ActiveRecord: 0.0ms)


Started GET "/assets/turbolinks.js?body=1" for 127.0.0.1 at 2015-02-10 15:16:44 +0700


Started GET "/assets/jquery.js?body=1" for 127.0.0.1 at 2015-02-10 15:16:44 +0700


Started GET "/assets/jquery_ujs.js?body=1" for 127.0.0.1 at 2015-02-10 15:16:44 +0700


Started GET "/assets/static_pages.css?body=1" for 127.0.0.1 at 2015-02-10 15:16:44 +0700


Started GET "/assets/application.js?body=1" for 127.0.0.1 at 2015-02-10 15:16:44 +0700


Started GET "/assets/application.css?body=1" for 127.0.0.1 at 2015-02-10 15:16:44 +0700


Started GET "/assets/static_pages.js?body=1" for 127.0.0.1 at 2015-02-10 15:16:44 +0700


Started GET "/" for 127.0.0.1 at 2015-02-10 15:21:34 +0700
Processing by StaticPagesController#home as HTML
  Rendered layouts/_header.html.erb (0.1ms)
  Rendered static_pages/home.html.erb within layouts/application (1.1ms)
  Rendered layouts/_shim.html.erb (0.0ms)
  Rendered layouts/_header.html.erb (0.1ms)
Completed 200 OK in 38ms (Views: 37.1ms | ActiveRecord: 0.0ms)


Started GET "/assets/static_pages.css?body=1" for 127.0.0.1 at 2015-02-10 15:21:34 +0700


Started GET "/assets/application.css?body=1" for 127.0.0.1 at 2015-02-10 15:21:34 +0700


Started GET "/assets/jquery.js?body=1" for 127.0.0.1 at 2015-02-10 15:21:34 +0700


Started GET "/assets/jquery_ujs.js?body=1" for 127.0.0.1 at 2015-02-10 15:21:34 +0700


Started GET "/assets/application.js?body=1" for 127.0.0.1 at 2015-02-10 15:21:34 +0700


Started GET "/assets/static_pages.js?body=1" for 127.0.0.1 at 2015-02-10 15:21:34 +0700


Started GET "/assets/turbolinks.js?body=1" for 127.0.0.1 at 2015-02-10 15:21:34 +0700


Started GET "/" for 127.0.0.1 at 2015-02-10 15:21:35 +0700
Processing by StaticPagesController#home as HTML
  Rendered layouts/_header.html.erb (0.2ms)
  Rendered static_pages/home.html.erb within layouts/application (0.9ms)
  Rendered layouts/_shim.html.erb (0.0ms)
  Rendered layouts/_header.html.erb (0.2ms)
Completed 200 OK in 40ms (Views: 39.5ms | ActiveRecord: 0.0ms)


Started GET "/assets/static_pages.css?body=1" for 127.0.0.1 at 2015-02-10 15:21:35 +0700


Started GET "/assets/application.css?body=1" for 127.0.0.1 at 2015-02-10 15:21:35 +0700


Started GET "/assets/turbolinks.js?body=1" for 127.0.0.1 at 2015-02-10 15:21:35 +0700


Started GET "/assets/jquery_ujs.js?body=1" for 127.0.0.1 at 2015-02-10 15:21:35 +0700


Started GET "/assets/static_pages.js?body=1" for 127.0.0.1 at 2015-02-10 15:21:35 +0700


Started GET "/assets/jquery.js?body=1" for 127.0.0.1 at 2015-02-10 15:21:35 +0700


Started GET "/assets/application.js?body=1" for 127.0.0.1 at 2015-02-10 15:21:35 +0700


Started GET "/" for 127.0.0.1 at 2015-02-10 15:57:48 +0700
Processing by StaticPagesController#home as HTML
  Rendered layouts/_header.html.erb (0.7ms)
  Rendered static_pages/home.html.erb within layouts/application (1.4ms)
  Rendered layouts/_shim.html.erb (0.1ms)
  Rendered layouts/_header.html.erb (0.1ms)
Completed 200 OK in 39ms (Views: 38.3ms | ActiveRecord: 0.0ms)


Started GET "/assets/static_pages.css?body=1" for 127.0.0.1 at 2015-02-10 15:57:48 +0700


Started GET "/assets/turbolinks.js?body=1" for 127.0.0.1 at 2015-02-10 15:57:48 +0700


Started GET "/assets/application.js?body=1" for 127.0.0.1 at 2015-02-10 15:57:48 +0700


Started GET "/assets/jquery_ujs.js?body=1" for 127.0.0.1 at 2015-02-10 15:57:48 +0700


Started GET "/assets/application.css?body=1" for 127.0.0.1 at 2015-02-10 15:57:48 +0700


Started GET "/assets/jquery.js?body=1" for 127.0.0.1 at 2015-02-10 15:57:48 +0700


Started GET "/assets/static_pages.js?body=1" for 127.0.0.1 at 2015-02-10 15:57:48 +0700


Started GET "/" for 127.0.0.1 at 2015-02-10 15:58:21 +0700
Processing by StaticPagesController#home as HTML
  Rendered layouts/_header.html.erb (0.3ms)
  Rendered static_pages/home.html.erb within layouts/application (1.3ms)
  Rendered layouts/_shim.html.erb (0.0ms)
  Rendered layouts/_header.html.erb (0.2ms)
Completed 200 OK in 47ms (Views: 45.4ms | ActiveRecord: 0.0ms)


Started GET "/assets/static_pages.css?body=1" for 127.0.0.1 at 2015-02-10 15:58:21 +0700


Started GET "/assets/application.css?body=1" for 127.0.0.1 at 2015-02-10 15:58:21 +0700


Started GET "/assets/static_pages.js?body=1" for 127.0.0.1 at 2015-02-10 15:58:21 +0700


Started GET "/assets/jquery_ujs.js?body=1" for 127.0.0.1 at 2015-02-10 15:58:21 +0700


Started GET "/assets/turbolinks.js?body=1" for 127.0.0.1 at 2015-02-10 15:58:21 +0700


Started GET "/assets/jquery.js?body=1" for 127.0.0.1 at 2015-02-10 15:58:21 +0700


Started GET "/assets/application.js?body=1" for 127.0.0.1 at 2015-02-10 15:58:21 +0700


Started GET "/" for 127.0.0.1 at 2015-02-10 15:58:34 +0700
Processing by StaticPagesController#home as HTML
  Rendered layouts/_header.html.erb (0.9ms)
  Rendered static_pages/home.html.erb within layouts/application (1.8ms)
  Rendered layouts/_shim.html.erb (0.1ms)
  Rendered layouts/_header.html.erb (0.1ms)
Completed 200 OK in 42ms (Views: 41.2ms | ActiveRecord: 0.0ms)


Started GET "/assets/turbolinks.js?body=1" for 127.0.0.1 at 2015-02-10 15:58:34 +0700


Started GET "/assets/static_pages.js?body=1" for 127.0.0.1 at 2015-02-10 15:58:34 +0700


Started GET "/assets/static_pages.css?body=1" for 127.0.0.1 at 2015-02-10 15:58:34 +0700


Started GET "/assets/jquery_ujs.js?body=1" for 127.0.0.1 at 2015-02-10 15:58:34 +0700


Started GET "/assets/application.js?body=1" for 127.0.0.1 at 2015-02-10 15:58:34 +0700


Started GET "/assets/application.css?body=1" for 127.0.0.1 at 2015-02-10 15:58:34 +0700


Started GET "/assets/jquery.js?body=1" for 127.0.0.1 at 2015-02-10 15:58:34 +0700


Started GET "/" for 127.0.0.1 at 2015-02-10 15:59:22 +0700
Processing by StaticPagesController#home as HTML
  Rendered layouts/_header.html.erb (1.4ms)
  Rendered static_pages/home.html.erb within layouts/application (2.3ms)
  Rendered layouts/_shim.html.erb (0.0ms)
  Rendered layouts/_header.html.erb (0.1ms)
Completed 200 OK in 43ms (Views: 42.7ms | ActiveRecord: 0.0ms)


Started GET "/assets/static_pages.css?body=1" for 127.0.0.1 at 2015-02-10 15:59:22 +0700


Started GET "/assets/application.css?body=1" for 127.0.0.1 at 2015-02-10 15:59:22 +0700


Started GET "/assets/jquery_ujs.js?body=1" for 127.0.0.1 at 2015-02-10 15:59:22 +0700


Started GET "/assets/turbolinks.js?body=1" for 127.0.0.1 at 2015-02-10 15:59:22 +0700


Started GET "/assets/jquery.js?body=1" for 127.0.0.1 at 2015-02-10 15:59:22 +0700


Started GET "/assets/static_pages.js?body=1" for 127.0.0.1 at 2015-02-10 15:59:22 +0700


Started GET "/assets/application.js?body=1" for 127.0.0.1 at 2015-02-10 15:59:22 +0700


Started GET "/" for 127.0.0.1 at 2015-02-10 15:59:49 +0700
Processing by StaticPagesController#home as HTML
  Rendered layouts/_header.html.erb (0.7ms)
  Rendered static_pages/home.html.erb within layouts/application (1.5ms)
  Rendered layouts/_shim.html.erb (0.0ms)
  Rendered layouts/_header.html.erb (0.1ms)
Completed 200 OK in 40ms (Views: 39.6ms | ActiveRecord: 0.0ms)


Started GET "/assets/application.css?body=1" for 127.0.0.1 at 2015-02-10 15:59:50 +0700


Started GET "/assets/jquery_ujs.js?body=1" for 127.0.0.1 at 2015-02-10 15:59:50 +0700


Started GET "/assets/jquery.js?body=1" for 127.0.0.1 at 2015-02-10 15:59:50 +0700


Started GET "/assets/static_pages.css?body=1" for 127.0.0.1 at 2015-02-10 15:59:50 +0700


Started GET "/assets/turbolinks.js?body=1" for 127.0.0.1 at 2015-02-10 15:59:50 +0700


Started GET "/assets/static_pages.js?body=1" for 127.0.0.1 at 2015-02-10 15:59:50 +0700


Started GET "/assets/application.js?body=1" for 127.0.0.1 at 2015-02-10 15:59:50 +0700


Started GET "/" for 127.0.0.1 at 2015-02-10 16:02:13 +0700
Processing by StaticPagesController#home as HTML
  Rendered layouts/_header.html.erb (0.7ms)
  Rendered static_pages/home.html.erb within layouts/application (1.4ms)
  Rendered layouts/_shim.html.erb (0.0ms)
  Rendered layouts/_header.html.erb (0.1ms)
Completed 200 OK in 39ms (Views: 38.3ms | ActiveRecord: 0.0ms)


Started GET "/assets/application.css?body=1" for 127.0.0.1 at 2015-02-10 16:02:13 +0700


Started GET "/assets/jquery.js?body=1" for 127.0.0.1 at 2015-02-10 16:02:13 +0700


Started GET "/assets/static_pages.css?body=1" for 127.0.0.1 at 2015-02-10 16:02:13 +0700


Started GET "/assets/turbolinks.js?body=1" for 127.0.0.1 at 2015-02-10 16:02:13 +0700


Started GET "/assets/jquery_ujs.js?body=1" for 127.0.0.1 at 2015-02-10 16:02:13 +0700


Started GET "/assets/static_pages.js?body=1" for 127.0.0.1 at 2015-02-10 16:02:13 +0700


Started GET "/assets/application.js?body=1" for 127.0.0.1 at 2015-02-10 16:02:13 +0700


Started GET "/" for 127.0.0.1 at 2015-02-10 16:02:28 +0700
Processing by StaticPagesController#home as HTML
  Rendered layouts/_header.html.erb (0.7ms)
  Rendered static_pages/home.html.erb within layouts/application (1.6ms)
  Rendered layouts/_shim.html.erb (0.0ms)
  Rendered layouts/_header.html.erb (0.1ms)
Completed 200 OK in 38ms (Views: 37.8ms | ActiveRecord: 0.0ms)


Started GET "/assets/static_pages.css?body=1" for 127.0.0.1 at 2015-02-10 16:02:28 +0700


Started GET "/assets/application.css?body=1" for 127.0.0.1 at 2015-02-10 16:02:28 +0700


Started GET "/assets/static_pages.js?body=1" for 127.0.0.1 at 2015-02-10 16:02:28 +0700


Started GET "/assets/jquery_ujs.js?body=1" for 127.0.0.1 at 2015-02-10 16:02:28 +0700


Started GET "/assets/application.js?body=1" for 127.0.0.1 at 2015-02-10 16:02:28 +0700


Started GET "/assets/turbolinks.js?body=1" for 127.0.0.1 at 2015-02-10 16:02:28 +0700


Started GET "/assets/jquery.js?body=1" for 127.0.0.1 at 2015-02-10 16:02:28 +0700


Started GET "/" for 127.0.0.1 at 2015-02-10 16:02:44 +0700
Processing by StaticPagesController#home as HTML
  Rendered layouts/_header.html.erb (1.6ms)
  Rendered static_pages/home.html.erb within layouts/application (3.1ms)
  Rendered layouts/_shim.html.erb (0.0ms)
  Rendered layouts/_header.html.erb (0.1ms)
Completed 200 OK in 45ms (Views: 43.7ms | ActiveRecord: 0.0ms)


Started GET "/assets/jquery.js?body=1" for 127.0.0.1 at 2015-02-10 16:02:44 +0700


Started GET "/assets/static_pages.js?body=1" for 127.0.0.1 at 2015-02-10 16:02:44 +0700


Started GET "/assets/application.css?body=1" for 127.0.0.1 at 2015-02-10 16:02:44 +0700


Started GET "/assets/static_pages.css?body=1" for 127.0.0.1 at 2015-02-10 16:02:44 +0700


Started GET "/assets/turbolinks.js?body=1" for 127.0.0.1 at 2015-02-10 16:02:44 +0700


Started GET "/assets/jquery_ujs.js?body=1" for 127.0.0.1 at 2015-02-10 16:02:44 +0700


Started GET "/assets/application.js?body=1" for 127.0.0.1 at 2015-02-10 16:02:44 +0700


Started GET "/" for 127.0.0.1 at 2015-02-11 22:38:28 +0700
Processing by StaticPagesController#home as HTML
  Rendered layouts/_header.html.erb (0.8ms)
  Rendered static_pages/home.html.erb within layouts/application (196.0ms)
  Rendered layouts/_shim.html.erb (0.3ms)
  Rendered layouts/_header.html.erb (0.3ms)
Completed 200 OK in 5881ms (Views: 5717.1ms | ActiveRecord: 0.0ms)


Started GET "/assets/application.css?body=1" for 127.0.0.1 at 2015-02-11 22:38:42 +0700


Started GET "/assets/static_pages.js?body=1" for 127.0.0.1 at 2015-02-11 22:38:42 +0700


Started GET "/assets/application.js?body=1" for 127.0.0.1 at 2015-02-11 22:38:42 +0700


Started GET "/assets/static_pages.css?body=1" for 127.0.0.1 at 2015-02-11 22:38:42 +0700


Started GET "/assets/jquery.js?body=1" for 127.0.0.1 at 2015-02-11 22:38:42 +0700


Started GET "/assets/jquery_ujs.js?body=1" for 127.0.0.1 at 2015-02-11 22:38:42 +0700


Started GET "/assets/turbolinks.js?body=1" for 127.0.0.1 at 2015-02-11 22:38:42 +0700


Started GET "/" for 127.0.0.1 at 2015-02-11 22:41:55 +0700
Processing by StaticPagesController#home as HTML
  Rendered layouts/_header.html.erb (0.2ms)
  Rendered static_pages/home.html.erb within layouts/application (0.7ms)
  Rendered layouts/_shim.html.erb (0.1ms)
  Rendered layouts/_header.html.erb (0.1ms)
Completed 200 OK in 40ms (Views: 39.6ms | ActiveRecord: 0.0ms)


Started GET "/assets/static_pages.css?body=1" for 127.0.0.1 at 2015-02-11 22:41:56 +0700


Started GET "/assets/application.css?body=1" for 127.0.0.1 at 2015-02-11 22:41:56 +0700


Started GET "/assets/static_pages.js?body=1" for 127.0.0.1 at 2015-02-11 22:41:56 +0700


Started GET "/assets/turbolinks.js?body=1" for 127.0.0.1 at 2015-02-11 22:41:56 +0700


Started GET "/assets/jquery.js?body=1" for 127.0.0.1 at 2015-02-11 22:41:56 +0700


Started GET "/assets/jquery_ujs.js?body=1" for 127.0.0.1 at 2015-02-11 22:41:56 +0700


Started GET "/assets/application.js?body=1" for 127.0.0.1 at 2015-02-11 22:41:56 +0700


Started GET "/" for 127.0.0.1 at 2015-02-11 22:42:07 +0700
Processing by StaticPagesController#home as HTML
  Rendered layouts/_header.html.erb (0.2ms)
  Rendered static_pages/home.html.erb within layouts/application (0.7ms)
  Rendered layouts/_shim.html.erb (0.1ms)
  Rendered layouts/_header.html.erb (0.1ms)
Completed 200 OK in 45ms (Views: 44.3ms | ActiveRecord: 0.0ms)


Started GET "/assets/static_pages.css?body=1" for 127.0.0.1 at 2015-02-11 22:42:07 +0700


Started GET "/assets/jquery.js?body=1" for 127.0.0.1 at 2015-02-11 22:42:07 +0700


Started GET "/assets/application.css?body=1" for 127.0.0.1 at 2015-02-11 22:42:07 +0700


Started GET "/assets/static_pages.js?body=1" for 127.0.0.1 at 2015-02-11 22:42:07 +0700


Started GET "/assets/jquery_ujs.js?body=1" for 127.0.0.1 at 2015-02-11 22:42:07 +0700


Started GET "/assets/turbolinks.js?body=1" for 127.0.0.1 at 2015-02-11 22:42:07 +0700


Started GET "/assets/application.js?body=1" for 127.0.0.1 at 2015-02-11 22:42:07 +0700


Started GET "/" for 127.0.0.1 at 2015-02-11 22:49:09 +0700
Processing by StaticPagesController#home as HTML
  Rendered layouts/_header.html.erb (0.2ms)
  Rendered layouts/_header.html.erb (0.5ms)
  Rendered static_pages/home.html.erb within layouts/application (3.0ms)
  Rendered layouts/_shim.html.erb (0.0ms)
  Rendered layouts/_header.html.erb (0.1ms)
Completed 200 OK in 41ms (Views: 40.6ms | ActiveRecord: 0.0ms)


Started GET "/assets/static_pages.css?body=1" for 127.0.0.1 at 2015-02-11 22:49:09 +0700


Started GET "/assets/jquery.js?body=1" for 127.0.0.1 at 2015-02-11 22:49:09 +0700


Started GET "/assets/jquery_ujs.js?body=1" for 127.0.0.1 at 2015-02-11 22:49:09 +0700


Started GET "/assets/static_pages.js?body=1" for 127.0.0.1 at 2015-02-11 22:49:09 +0700


Started GET "/assets/application.css?body=1" for 127.0.0.1 at 2015-02-11 22:49:09 +0700


Started GET "/assets/turbolinks.js?body=1" for 127.0.0.1 at 2015-02-11 22:49:09 +0700


Started GET "/assets/application.js?body=1" for 127.0.0.1 at 2015-02-11 22:49:09 +0700


Started GET "/" for 127.0.0.1 at 2015-02-11 22:50:34 +0700
Processing by StaticPagesController#home as HTML
  Rendered layouts/_header.html.erb (0.1ms)
  Rendered layouts/_header.html.erb (0.1ms)
  Rendered static_pages/home.html.erb within layouts/application (1.5ms)
  Rendered layouts/_shim.html.erb (0.0ms)
  Rendered layouts/_header.html.erb (0.1ms)
Completed 200 OK in 40ms (Views: 39.1ms | ActiveRecord: 0.0ms)


Started GET "/assets/static_pages.css?body=1" for 127.0.0.1 at 2015-02-11 22:50:34 +0700


Started GET "/assets/application.css?body=1" for 127.0.0.1 at 2015-02-11 22:50:34 +0700


Started GET "/assets/turbolinks.js?body=1" for 127.0.0.1 at 2015-02-11 22:50:34 +0700


Started GET "/assets/jquery_ujs.js?body=1" for 127.0.0.1 at 2015-02-11 22:50:34 +0700


Started GET "/assets/jquery.js?body=1" for 127.0.0.1 at 2015-02-11 22:50:34 +0700


Started GET "/assets/static_pages.js?body=1" for 127.0.0.1 at 2015-02-11 22:50:34 +0700


Started GET "/assets/application.js?body=1" for 127.0.0.1 at 2015-02-11 22:50:34 +0700


Started GET "/" for 127.0.0.1 at 2015-02-11 22:50:52 +0700
Processing by StaticPagesController#home as HTML
  Rendered layouts/_header.html.erb (0.1ms)
  Rendered layouts/_header.html.erb (0.1ms)
  Rendered static_pages/home.html.erb within layouts/application (1.2ms)
  Rendered layouts/_shim.html.erb (0.0ms)
  Rendered layouts/_header.html.erb (0.2ms)
Completed 200 OK in 41ms (Views: 37.1ms | ActiveRecord: 0.0ms)


Started GET "/assets/static_pages.css?body=1" for 127.0.0.1 at 2015-02-11 22:50:52 +0700


Started GET "/assets/application.css?body=1" for 127.0.0.1 at 2015-02-11 22:50:52 +0700


Started GET "/assets/jquery_ujs.js?body=1" for 127.0.0.1 at 2015-02-11 22:50:52 +0700


Started GET "/assets/turbolinks.js?body=1" for 127.0.0.1 at 2015-02-11 22:50:52 +0700


Started GET "/assets/jquery.js?body=1" for 127.0.0.1 at 2015-02-11 22:50:52 +0700


Started GET "/assets/static_pages.js?body=1" for 127.0.0.1 at 2015-02-11 22:50:52 +0700


Started GET "/assets/application.js?body=1" for 127.0.0.1 at 2015-02-11 22:50:52 +0700


Started GET "/" for 127.0.0.1 at 2015-02-11 22:51:15 +0700
Processing by StaticPagesController#home as HTML
  Rendered layouts/_header.html.erb (0.2ms)
  Rendered layouts/_footer.html.erb (0.4ms)
  Rendered static_pages/home.html.erb within layouts/application (2.4ms)
  Rendered layouts/_shim.html.erb (0.1ms)
  Rendered layouts/_header.html.erb (0.1ms)
Completed 200 OK in 41ms (Views: 40.4ms | ActiveRecord: 0.0ms)


Started GET "/assets/static_pages.css?body=1" for 127.0.0.1 at 2015-02-11 22:51:15 +0700


Started GET "/assets/application.css?body=1" for 127.0.0.1 at 2015-02-11 22:51:15 +0700


Started GET "/assets/turbolinks.js?body=1" for 127.0.0.1 at 2015-02-11 22:51:15 +0700


Started GET "/assets/static_pages.js?body=1" for 127.0.0.1 at 2015-02-11 22:51:15 +0700


Started GET "/assets/jquery.js?body=1" for 127.0.0.1 at 2015-02-11 22:51:15 +0700


Started GET "/assets/jquery_ujs.js?body=1" for 127.0.0.1 at 2015-02-11 22:51:15 +0700


Started GET "/assets/application.js?body=1" for 127.0.0.1 at 2015-02-11 22:51:15 +0700


Started GET "/" for 127.0.0.1 at 2015-02-11 22:52:20 +0700
Processing by StaticPagesController#home as HTML
  Rendered layouts/_header.html.erb (0.1ms)
  Rendered layouts/_footer.html.erb (0.3ms)
  Rendered static_pages/home.html.erb within layouts/application (1.6ms)
  Rendered layouts/_shim.html.erb (0.0ms)
  Rendered layouts/_header.html.erb (0.2ms)
Completed 200 OK in 41ms (Views: 40.6ms | ActiveRecord: 0.0ms)


Started GET "/assets/static_pages.css?body=1" for 127.0.0.1 at 2015-02-11 22:52:20 +0700


Started GET "/assets/application.css?body=1" for 127.0.0.1 at 2015-02-11 22:52:20 +0700


Started GET "/assets/jquery_ujs.js?body=1" for 127.0.0.1 at 2015-02-11 22:52:20 +0700


Started GET "/assets/application.js?body=1" for 127.0.0.1 at 2015-02-11 22:52:20 +0700


Started GET "/assets/jquery.js?body=1" for 127.0.0.1 at 2015-02-11 22:52:20 +0700


Started GET "/assets/static_pages.js?body=1" for 127.0.0.1 at 2015-02-11 22:52:20 +0700


Started GET "/assets/turbolinks.js?body=1" for 127.0.0.1 at 2015-02-11 22:52:20 +0700


Started GET "/" for 127.0.0.1 at 2015-02-11 22:52:24 +0700
Processing by StaticPagesController#home as HTML
  Rendered layouts/_header.html.erb (0.2ms)
  Rendered layouts/_footer.html.erb (0.0ms)
  Rendered static_pages/home.html.erb within layouts/application (2.1ms)
  Rendered layouts/_shim.html.erb (0.0ms)
  Rendered layouts/_header.html.erb (0.1ms)
Completed 200 OK in 51ms (Views: 49.6ms | ActiveRecord: 0.0ms)


Started GET "/assets/static_pages.css?body=1" for 127.0.0.1 at 2015-02-11 22:52:24 +0700


Started GET "/assets/jquery.js?body=1" for 127.0.0.1 at 2015-02-11 22:52:24 +0700


Started GET "/assets/turbolinks.js?body=1" for 127.0.0.1 at 2015-02-11 22:52:24 +0700


Started GET "/assets/application.css?body=1" for 127.0.0.1 at 2015-02-11 22:52:24 +0700


Started GET "/assets/static_pages.js?body=1" for 127.0.0.1 at 2015-02-11 22:52:24 +0700


Started GET "/assets/jquery_ujs.js?body=1" for 127.0.0.1 at 2015-02-11 22:52:24 +0700


Started GET "/assets/application.js?body=1" for 127.0.0.1 at 2015-02-11 22:52:24 +0700


Started GET "/" for 127.0.0.1 at 2015-02-11 22:52:33 +0700
Processing by StaticPagesController#home as HTML
  Rendered layouts/_header.html.erb (0.5ms)
  Rendered layouts/_footer.html.erb (1.0ms)
  Rendered static_pages/home.html.erb within layouts/application (4.6ms)
  Rendered layouts/_shim.html.erb (0.0ms)
  Rendered layouts/_header.html.erb (0.1ms)
Completed 200 OK in 45ms (Views: 44.0ms | ActiveRecord: 0.0ms)


Started GET "/assets/application.css?body=1" for 127.0.0.1 at 2015-02-11 22:52:33 +0700


Started GET "/assets/static_pages.js?body=1" for 127.0.0.1 at 2015-02-11 22:52:33 +0700


Started GET "/assets/turbolinks.js?body=1" for 127.0.0.1 at 2015-02-11 22:52:33 +0700


Started GET "/assets/jquery_ujs.js?body=1" for 127.0.0.1 at 2015-02-11 22:52:33 +0700


Started GET "/assets/application.js?body=1" for 127.0.0.1 at 2015-02-11 22:52:33 +0700


Started GET "/assets/static_pages.css?body=1" for 127.0.0.1 at 2015-02-11 22:52:33 +0700


Started GET "/assets/jquery.js?body=1" for 127.0.0.1 at 2015-02-11 22:52:33 +0700


Started GET "/" for 127.0.0.1 at 2015-02-11 22:52:57 +0700
Processing by StaticPagesController#home as HTML
  Rendered layouts/_header.html.erb (0.2ms)
  Rendered layouts/_footer.html.erb (0.3ms)
  Rendered static_pages/home.html.erb within layouts/application (1.7ms)
  Rendered layouts/_shim.html.erb (0.0ms)
  Rendered layouts/_header.html.erb (0.2ms)
Completed 200 OK in 43ms (Views: 42.0ms | ActiveRecord: 0.0ms)


Started GET "/assets/static_pages.css?body=1" for 127.0.0.1 at 2015-02-11 22:52:57 +0700


Started GET "/assets/application.css?body=1" for 127.0.0.1 at 2015-02-11 22:52:57 +0700


Started GET "/assets/jquery_ujs.js?body=1" for 127.0.0.1 at 2015-02-11 22:52:57 +0700


Started GET "/assets/static_pages.js?body=1" for 127.0.0.1 at 2015-02-11 22:52:57 +0700


Started GET "/assets/turbolinks.js?body=1" for 127.0.0.1 at 2015-02-11 22:52:57 +0700


Started GET "/assets/jquery.js?body=1" for 127.0.0.1 at 2015-02-11 22:52:57 +0700


Started GET "/assets/application.js?body=1" for 127.0.0.1 at 2015-02-11 22:52:57 +0700


Started GET "/" for 127.0.0.1 at 2015-02-11 22:53:42 +0700
Processing by StaticPagesController#home as HTML
  Rendered layouts/_header.html.erb (0.2ms)
  Rendered layouts/_footer.html.erb (0.3ms)
  Rendered static_pages/home.html.erb within layouts/application (1.6ms)
  Rendered layouts/_shim.html.erb (0.0ms)
  Rendered layouts/_header.html.erb (0.2ms)
Completed 200 OK in 46ms (Views: 44.9ms | ActiveRecord: 0.0ms)


Started GET "/assets/static_pages.css?body=1" for 127.0.0.1 at 2015-02-11 22:53:42 +0700


Started GET "/assets/jquery_ujs.js?body=1" for 127.0.0.1 at 2015-02-11 22:53:42 +0700


Started GET "/assets/jquery.js?body=1" for 127.0.0.1 at 2015-02-11 22:53:42 +0700


Started GET "/assets/application.css?body=1" for 127.0.0.1 at 2015-02-11 22:53:42 +0700


Started GET "/assets/static_pages.js?body=1" for 127.0.0.1 at 2015-02-11 22:53:42 +0700


Started GET "/assets/turbolinks.js?body=1" for 127.0.0.1 at 2015-02-11 22:53:42 +0700


Started GET "/assets/application.js?body=1" for 127.0.0.1 at 2015-02-11 22:53:42 +0700


Started GET "/" for 127.0.0.1 at 2015-02-11 22:53:45 +0700
Processing by StaticPagesController#home as HTML
  Rendered layouts/_header.html.erb (0.2ms)
  Rendered layouts/_footer.html.erb (0.0ms)
  Rendered static_pages/home.html.erb within layouts/application (1.4ms)
  Rendered layouts/_shim.html.erb (0.0ms)
  Rendered layouts/_header.html.erb (0.2ms)
Completed 200 OK in 39ms (Views: 38.4ms | ActiveRecord: 0.0ms)


Started GET "/assets/static_pages.css?body=1" for 127.0.0.1 at 2015-02-11 22:53:45 +0700


Started GET "/assets/application.css?body=1" for 127.0.0.1 at 2015-02-11 22:53:45 +0700


Started GET "/assets/jquery.js?body=1" for 127.0.0.1 at 2015-02-11 22:53:45 +0700


Started GET "/assets/jquery_ujs.js?body=1" for 127.0.0.1 at 2015-02-11 22:53:45 +0700


Started GET "/assets/application.js?body=1" for 127.0.0.1 at 2015-02-11 22:53:45 +0700


Started GET "/assets/turbolinks.js?body=1" for 127.0.0.1 at 2015-02-11 22:53:45 +0700


Started GET "/assets/static_pages.js?body=1" for 127.0.0.1 at 2015-02-11 22:53:45 +0700


Started GET "/" for 127.0.0.1 at 2015-02-11 22:53:56 +0700
Processing by StaticPagesController#home as HTML
  Rendered layouts/_header.html.erb (0.1ms)
  Rendered layouts/_footer.html.erb (0.4ms)
  Rendered static_pages/home.html.erb within layouts/application (2.4ms)
  Rendered layouts/_shim.html.erb (0.0ms)
  Rendered layouts/_header.html.erb (0.2ms)
Completed 200 OK in 48ms (Views: 47.2ms | ActiveRecord: 0.0ms)


Started GET "/assets/static_pages.css?body=1" for 127.0.0.1 at 2015-02-11 22:53:56 +0700


Started GET "/assets/jquery.js?body=1" for 127.0.0.1 at 2015-02-11 22:53:56 +0700


Started GET "/assets/static_pages.js?body=1" for 127.0.0.1 at 2015-02-11 22:53:56 +0700


Started GET "/assets/application.css?body=1" for 127.0.0.1 at 2015-02-11 22:53:56 +0700


Started GET "/assets/application.js?body=1" for 127.0.0.1 at 2015-02-11 22:53:56 +0700


Started GET "/assets/turbolinks.js?body=1" for 127.0.0.1 at 2015-02-11 22:53:56 +0700


Started GET "/assets/jquery_ujs.js?body=1" for 127.0.0.1 at 2015-02-11 22:53:56 +0700


Started GET "/" for 127.0.0.1 at 2015-02-11 22:59:21 +0700
Processing by StaticPagesController#home as HTML
  Rendered layouts/_header.html.erb (0.5ms)
  Rendered layouts/_footer.html.erb (0.9ms)
  Rendered static_pages/home.html.erb within layouts/application (4.5ms)
  Rendered layouts/_shim.html.erb (0.0ms)
  Rendered layouts/_header.html.erb (0.2ms)
Completed 200 OK in 1340ms (Views: 1339.1ms | ActiveRecord: 0.0ms)


Started GET "/assets/static_pages.css?body=1" for 127.0.0.1 at 2015-02-11 22:59:23 +0700


Started GET "/assets/jquery.js?body=1" for 127.0.0.1 at 2015-02-11 22:59:23 +0700


Started GET "/assets/jquery_ujs.js?body=1" for 127.0.0.1 at 2015-02-11 22:59:23 +0700


Started GET "/assets/application.css?body=1" for 127.0.0.1 at 2015-02-11 22:59:23 +0700


Started GET "/assets/turbolinks.js?body=1" for 127.0.0.1 at 2015-02-11 22:59:23 +0700


Started GET "/assets/static_pages.js?body=1" for 127.0.0.1 at 2015-02-11 22:59:23 +0700


Started GET "/assets/application.js?body=1" for 127.0.0.1 at 2015-02-11 22:59:23 +0700


Started GET "/" for 127.0.0.1 at 2015-02-11 23:00:05 +0700
Processing by StaticPagesController#home as HTML
  Rendered layouts/_header.html.erb (0.2ms)
  Rendered layouts/_footer.html.erb (0.4ms)
  Rendered static_pages/home.html.erb within layouts/application (1.8ms)
  Rendered layouts/_shim.html.erb (0.0ms)
  Rendered layouts/_header.html.erb (0.1ms)
Completed 200 OK in 38ms (Views: 37.0ms | ActiveRecord: 0.0ms)


Started GET "/assets/static_pages.css?body=1" for 127.0.0.1 at 2015-02-11 23:00:05 +0700


Started GET "/assets/application.css?body=1" for 127.0.0.1 at 2015-02-11 23:00:05 +0700


Started GET "/assets/turbolinks.js?body=1" for 127.0.0.1 at 2015-02-11 23:00:05 +0700


Started GET "/assets/jquery_ujs.js?body=1" for 127.0.0.1 at 2015-02-11 23:00:05 +0700


Started GET "/assets/jquery.js?body=1" for 127.0.0.1 at 2015-02-11 23:00:05 +0700


Started GET "/assets/static_pages.js?body=1" for 127.0.0.1 at 2015-02-11 23:00:05 +0700


Started GET "/assets/application.js?body=1" for 127.0.0.1 at 2015-02-11 23:00:05 +0700


Started GET "/" for 127.0.0.1 at 2015-02-11 23:01:29 +0700
Processing by StaticPagesController#home as HTML
  Rendered layouts/_header.html.erb (0.2ms)
  Rendered layouts/_footer.html.erb (0.0ms)
  Rendered static_pages/home.html.erb within layouts/application (1.3ms)
  Rendered layouts/_shim.html.erb (0.0ms)
  Rendered layouts/_header.html.erb (0.1ms)
Completed 200 OK in 1016ms (Views: 1015.8ms | ActiveRecord: 0.0ms)


Started GET "/assets/static_pages.css?body=1" for 127.0.0.1 at 2015-02-11 23:01:30 +0700


Started GET "/assets/turbolinks.js?body=1" for 127.0.0.1 at 2015-02-11 23:01:30 +0700


Started GET "/assets/jquery_ujs.js?body=1" for 127.0.0.1 at 2015-02-11 23:01:30 +0700


Started GET "/assets/application.css?body=1" for 127.0.0.1 at 2015-02-11 23:01:30 +0700


Started GET "/assets/jquery.js?body=1" for 127.0.0.1 at 2015-02-11 23:01:30 +0700


Started GET "/assets/static_pages.js?body=1" for 127.0.0.1 at 2015-02-11 23:01:30 +0700


Started GET "/assets/application.js?body=1" for 127.0.0.1 at 2015-02-11 23:01:30 +0700


Started GET "/" for 127.0.0.1 at 2015-02-11 23:02:00 +0700
Processing by StaticPagesController#home as HTML
  Rendered layouts/_header.html.erb (0.1ms)
  Rendered layouts/_footer.html.erb (0.0ms)
  Rendered static_pages/home.html.erb within layouts/application (1.3ms)
  Rendered layouts/_shim.html.erb (0.0ms)
  Rendered layouts/_header.html.erb (0.1ms)
Completed 200 OK in 1045ms (Views: 1044.2ms | ActiveRecord: 0.0ms)


Started GET "/assets/static_pages.css?body=1" for 127.0.0.1 at 2015-02-11 23:02:01 +0700


Started GET "/assets/jquery_ujs.js?body=1" for 127.0.0.1 at 2015-02-11 23:02:01 +0700


Started GET "/assets/jquery.js?body=1" for 127.0.0.1 at 2015-02-11 23:02:01 +0700


Started GET "/assets/turbolinks.js?body=1" for 127.0.0.1 at 2015-02-11 23:02:01 +0700


Started GET "/assets/application.css?body=1" for 127.0.0.1 at 2015-02-11 23:02:01 +0700


Started GET "/assets/static_pages.js?body=1" for 127.0.0.1 at 2015-02-11 23:02:01 +0700


Started GET "/assets/application.js?body=1" for 127.0.0.1 at 2015-02-11 23:02:01 +0700


Started GET "/" for 127.0.0.1 at 2015-02-11 23:04:50 +0700
Processing by StaticPagesController#home as HTML
  Rendered layouts/_header.html.erb (0.2ms)
  Rendered layouts/_footer.html.erb (0.0ms)
  Rendered static_pages/home.html.erb within layouts/application (1.9ms)
  Rendered layouts/_shim.html.erb (0.0ms)
  Rendered layouts/_header.html.erb (0.1ms)
Completed 200 OK in 41ms (Views: 40.8ms | ActiveRecord: 0.0ms)


Started GET "/assets/static_pages.css?body=1" for 127.0.0.1 at 2015-02-11 23:04:50 +0700


Started GET "/assets/jquery.js?body=1" for 127.0.0.1 at 2015-02-11 23:04:50 +0700


Started GET "/assets/application.css?body=1" for 127.0.0.1 at 2015-02-11 23:04:50 +0700


Started GET "/assets/static_pages.js?body=1" for 127.0.0.1 at 2015-02-11 23:04:50 +0700


Started GET "/assets/jquery_ujs.js?body=1" for 127.0.0.1 at 2015-02-11 23:04:50 +0700


Started GET "/assets/turbolinks.js?body=1" for 127.0.0.1 at 2015-02-11 23:04:50 +0700


Started GET "/assets/application.js?body=1" for 127.0.0.1 at 2015-02-11 23:04:50 +0700


Started GET "/" for 127.0.0.1 at 2015-02-11 23:04:56 +0700
Processing by StaticPagesController#home as HTML
  Rendered layouts/_header.html.erb (0.3ms)
  Rendered layouts/_footer.html.erb (0.1ms)
  Rendered static_pages/home.html.erb within layouts/application (2.0ms)
  Rendered layouts/_shim.html.erb (0.0ms)
  Rendered layouts/_header.html.erb (0.1ms)
Completed 200 OK in 49ms (Views: 47.3ms | ActiveRecord: 0.0ms)


Started GET "/assets/static_pages.css?body=1" for 127.0.0.1 at 2015-02-11 23:04:56 +0700


Started GET "/assets/jquery_ujs.js?body=1" for 127.0.0.1 at 2015-02-11 23:04:56 +0700


Started GET "/assets/application.css?body=1" for 127.0.0.1 at 2015-02-11 23:04:56 +0700


Started GET "/assets/static_pages.js?body=1" for 127.0.0.1 at 2015-02-11 23:04:56 +0700


Started GET "/assets/turbolinks.js?body=1" for 127.0.0.1 at 2015-02-11 23:04:56 +0700


Started GET "/assets/jquery.js?body=1" for 127.0.0.1 at 2015-02-11 23:04:56 +0700


Started GET "/assets/application.js?body=1" for 127.0.0.1 at 2015-02-11 23:04:56 +0700


Started GET "/" for 127.0.0.1 at 2015-02-11 23:05:13 +0700
Processing by StaticPagesController#home as HTML
  Rendered layouts/_header.html.erb (0.3ms)
  Rendered layouts/_footer.html.erb (0.6ms)
  Rendered static_pages/home.html.erb within layouts/application (2.6ms)
  Rendered layouts/_shim.html.erb (0.0ms)
  Rendered layouts/_header.html.erb (0.1ms)
Completed 200 OK in 47ms (Views: 46.6ms | ActiveRecord: 0.0ms)


Started GET "/assets/turbolinks.js?body=1" for 127.0.0.1 at 2015-02-11 23:05:13 +0700


Started GET "/assets/jquery_ujs.js?body=1" for 127.0.0.1 at 2015-02-11 23:05:13 +0700


Started GET "/assets/application.css?body=1" for 127.0.0.1 at 2015-02-11 23:05:13 +0700


Started GET "/assets/static_pages.css?body=1" for 127.0.0.1 at 2015-02-11 23:05:13 +0700


Started GET "/assets/jquery.js?body=1" for 127.0.0.1 at 2015-02-11 23:05:13 +0700


Started GET "/assets/static_pages.js?body=1" for 127.0.0.1 at 2015-02-11 23:05:13 +0700


Started GET "/assets/application.js?body=1" for 127.0.0.1 at 2015-02-11 23:05:13 +0700


Started GET "/" for 127.0.0.1 at 2015-02-11 23:05:15 +0700
Processing by StaticPagesController#home as HTML
  Rendered layouts/_header.html.erb (0.2ms)
  Rendered layouts/_footer.html.erb (0.0ms)
  Rendered static_pages/home.html.erb within layouts/application (1.6ms)
  Rendered layouts/_shim.html.erb (0.1ms)
  Rendered layouts/_header.html.erb (0.1ms)
Completed 200 OK in 37ms (Views: 36.7ms | ActiveRecord: 0.0ms)


Started GET "/assets/static_pages.css?body=1" for 127.0.0.1 at 2015-02-11 23:05:15 +0700


Started GET "/assets/application.css?body=1" for 127.0.0.1 at 2015-02-11 23:05:15 +0700


Started GET "/assets/jquery.js?body=1" for 127.0.0.1 at 2015-02-11 23:05:15 +0700


Started GET "/assets/jquery_ujs.js?body=1" for 127.0.0.1 at 2015-02-11 23:05:15 +0700


Started GET "/assets/turbolinks.js?body=1" for 127.0.0.1 at 2015-02-11 23:05:15 +0700


Started GET "/assets/static_pages.js?body=1" for 127.0.0.1 at 2015-02-11 23:05:15 +0700


Started GET "/assets/application.js?body=1" for 127.0.0.1 at 2015-02-11 23:05:15 +0700


Started GET "/" for 127.0.0.1 at 2015-02-11 23:06:09 +0700
Processing by StaticPagesController#home as HTML
  Rendered layouts/_header.html.erb (0.3ms)
  Rendered layouts/_footer.html.erb (0.9ms)
  Rendered static_pages/home.html.erb within layouts/application (3.7ms)
  Rendered layouts/_shim.html.erb (0.0ms)
  Rendered layouts/_header.html.erb (0.3ms)
Completed 200 OK in 1070ms (Views: 1069.1ms | ActiveRecord: 0.0ms)


Started GET "/assets/static_pages.css?body=1" for 127.0.0.1 at 2015-02-11 23:06:10 +0700


Started GET "/assets/jquery.js?body=1" for 127.0.0.1 at 2015-02-11 23:06:10 +0700


Started GET "/assets/static_pages.js?body=1" for 127.0.0.1 at 2015-02-11 23:06:10 +0700


Started GET "/assets/turbolinks.js?body=1" for 127.0.0.1 at 2015-02-11 23:06:10 +0700


Started GET "/assets/jquery_ujs.js?body=1" for 127.0.0.1 at 2015-02-11 23:06:10 +0700


Started GET "/assets/application.css?body=1" for 127.0.0.1 at 2015-02-11 23:06:10 +0700


Started GET "/assets/application.js?body=1" for 127.0.0.1 at 2015-02-11 23:06:10 +0700


Started GET "/" for 127.0.0.1 at 2015-02-11 23:07:50 +0700
Processing by StaticPagesController#home as HTML
  Rendered layouts/_header.html.erb (0.2ms)
  Rendered layouts/_footer.html.erb (0.0ms)
  Rendered static_pages/home.html.erb within layouts/application (1.2ms)
  Rendered layouts/_shim.html.erb (0.0ms)
  Rendered layouts/_header.html.erb (0.1ms)
Completed 200 OK in 1023ms (Views: 1022.4ms | ActiveRecord: 0.0ms)


Started GET "/assets/static_pages.css?body=1" for 127.0.0.1 at 2015-02-11 23:07:51 +0700


Started GET "/assets/jquery_ujs.js?body=1" for 127.0.0.1 at 2015-02-11 23:07:51 +0700


Started GET "/assets/jquery.js?body=1" for 127.0.0.1 at 2015-02-11 23:07:51 +0700


Started GET "/assets/turbolinks.js?body=1" for 127.0.0.1 at 2015-02-11 23:07:51 +0700


Started GET "/assets/application.css?body=1" for 127.0.0.1 at 2015-02-11 23:07:51 +0700


Started GET "/assets/static_pages.js?body=1" for 127.0.0.1 at 2015-02-11 23:07:51 +0700


Started GET "/assets/application.js?body=1" for 127.0.0.1 at 2015-02-11 23:07:51 +0700


Started GET "/" for 127.0.0.1 at 2015-02-11 23:09:12 +0700
Processing by StaticPagesController#home as HTML
  Rendered layouts/_header.html.erb (0.4ms)
  Rendered layouts/_footer.html.erb (0.0ms)
  Rendered static_pages/home.html.erb within layouts/application (3.0ms)
  Rendered layouts/_shim.html.erb (0.0ms)
  Rendered layouts/_header.html.erb (0.1ms)
Completed 200 OK in 1101ms (Views: 1098.5ms | ActiveRecord: 0.0ms)


Started GET "/assets/application.css?body=1" for 127.0.0.1 at 2015-02-11 23:09:13 +0700


Started GET "/assets/static_pages.css?body=1" for 127.0.0.1 at 2015-02-11 23:09:13 +0700


Started GET "/assets/jquery.js?body=1" for 127.0.0.1 at 2015-02-11 23:09:13 +0700


Started GET "/assets/static_pages.js?body=1" for 127.0.0.1 at 2015-02-11 23:09:13 +0700


Started GET "/assets/jquery_ujs.js?body=1" for 127.0.0.1 at 2015-02-11 23:09:13 +0700


Started GET "/assets/turbolinks.js?body=1" for 127.0.0.1 at 2015-02-11 23:09:13 +0700


Started GET "/assets/application.js?body=1" for 127.0.0.1 at 2015-02-11 23:09:13 +0700


Started GET "/" for 127.0.0.1 at 2015-02-11 23:09:20 +0700
Processing by StaticPagesController#home as HTML
  Rendered layouts/_header.html.erb (0.2ms)
  Rendered layouts/_footer.html.erb (0.1ms)
  Rendered static_pages/home.html.erb within layouts/application (2.7ms)
  Rendered layouts/_shim.html.erb (0.0ms)
  Rendered layouts/_header.html.erb (0.1ms)
Completed 200 OK in 1014ms (Views: 1012.7ms | ActiveRecord: 0.0ms)


Started GET "/assets/jquery.js?body=1" for 127.0.0.1 at 2015-02-11 23:09:21 +0700


Started GET "/assets/static_pages.css?body=1" for 127.0.0.1 at 2015-02-11 23:09:21 +0700


Started GET "/assets/turbolinks.js?body=1" for 127.0.0.1 at 2015-02-11 23:09:21 +0700


Started GET "/assets/application.css?body=1" for 127.0.0.1 at 2015-02-11 23:09:21 +0700


Started GET "/assets/static_pages.js?body=1" for 127.0.0.1 at 2015-02-11 23:09:21 +0700


Started GET "/assets/jquery_ujs.js?body=1" for 127.0.0.1 at 2015-02-11 23:09:21 +0700


Started GET "/assets/application.js?body=1" for 127.0.0.1 at 2015-02-11 23:09:21 +0700


Started GET "/" for 127.0.0.1 at 2015-02-11 23:09:38 +0700
Processing by StaticPagesController#home as HTML
  Rendered layouts/_header.html.erb (0.4ms)
  Rendered layouts/_footer.html.erb (0.1ms)
  Rendered static_pages/home.html.erb within layouts/application (3.1ms)
Completed 500 Internal Server Error in 34ms

ActionView::Template::Error (Colors must have either three or six digits: '#b'
  (in /home/huongnt/Ruby/w5/app_w5/app/assets/stylesheets/static_pages.css.scss:69)):
    2: <html>
    3: <head>
    4:   <title><%= full_title(yield(:title))%></title>
    5:   <%= stylesheet_link_tag    'application', media: 'all', 'data-turbolinks-track' => true %>
    6:   <%= javascript_include_tag 'application', 'data-turbolinks-track' => true %>
    7:   <%= csrf_meta_tags %>
    8:   <%= render 'layouts/shim' %>
  app/assets/stylesheets/static_pages.css.scss:69
  app/views/layouts/application.html.erb:5:in `_app_views_layouts_application_html_erb__3989101631897438879_69826845220480'


  Rendered /home/huongnt/.rvm/gems/ruby-2.2.0/gems/actionpack-4.1.2/lib/action_dispatch/middleware/templates/rescues/_trace.html.erb (1.8ms)
  Rendered /home/huongnt/.rvm/gems/ruby-2.2.0/gems/actionpack-4.1.2/lib/action_dispatch/middleware/templates/rescues/_request_and_response.html.erb (1.0ms)
  Rendered /home/huongnt/.rvm/gems/ruby-2.2.0/gems/actionpack-4.1.2/lib/action_dispatch/middleware/templates/rescues/template_error.html.erb within rescues/layout (14.1ms)


Started GET "/" for 127.0.0.1 at 2015-02-11 23:09:44 +0700
Processing by StaticPagesController#home as HTML
  Rendered layouts/_header.html.erb (0.2ms)
  Rendered layouts/_footer.html.erb (0.1ms)
  Rendered static_pages/home.html.erb within layouts/application (1.7ms)
  Rendered layouts/_shim.html.erb (0.1ms)
  Rendered layouts/_header.html.erb (0.2ms)
Completed 200 OK in 1060ms (Views: 1059.0ms | ActiveRecord: 0.0ms)


Started GET "/assets/static_pages.css?body=1" for 127.0.0.1 at 2015-02-11 23:09:45 +0700


Started GET "/assets/jquery.js?body=1" for 127.0.0.1 at 2015-02-11 23:09:45 +0700


Started GET "/assets/static_pages.js?body=1" for 127.0.0.1 at 2015-02-11 23:09:45 +0700


Started GET "/assets/application.css?body=1" for 127.0.0.1 at 2015-02-11 23:09:45 +0700


Started GET "/assets/turbolinks.js?body=1" for 127.0.0.1 at 2015-02-11 23:09:46 +0700


Started GET "/assets/jquery_ujs.js?body=1" for 127.0.0.1 at 2015-02-11 23:09:46 +0700


Started GET "/assets/application.js?body=1" for 127.0.0.1 at 2015-02-11 23:09:46 +0700


Started GET "/" for 127.0.0.1 at 2015-02-11 23:10:09 +0700
Processing by StaticPagesController#home as HTML
  Rendered layouts/_header.html.erb (0.2ms)
  Rendered layouts/_footer.html.erb (0.1ms)
  Rendered static_pages/home.html.erb within layouts/application (1.4ms)
  Rendered layouts/_shim.html.erb (0.1ms)
  Rendered layouts/_header.html.erb (0.3ms)
Completed 200 OK in 43ms (Views: 42.7ms | ActiveRecord: 0.0ms)


Started GET "/assets/static_pages.css?body=1" for 127.0.0.1 at 2015-02-11 23:10:10 +0700


Started GET "/assets/jquery.js?body=1" for 127.0.0.1 at 2015-02-11 23:10:10 +0700


Started GET "/assets/application.css?body=1" for 127.0.0.1 at 2015-02-11 23:10:10 +0700


Started GET "/assets/jquery_ujs.js?body=1" for 127.0.0.1 at 2015-02-11 23:10:10 +0700


Started GET "/assets/static_pages.js?body=1" for 127.0.0.1 at 2015-02-11 23:10:10 +0700


Started GET "/assets/turbolinks.js?body=1" for 127.0.0.1 at 2015-02-11 23:10:10 +0700


Started GET "/assets/application.js?body=1" for 127.0.0.1 at 2015-02-11 23:10:10 +0700


Started GET "/" for 127.0.0.1 at 2015-02-11 23:12:37 +0700
Processing by StaticPagesController#home as HTML
  Rendered layouts/_header.html.erb (0.7ms)
  Rendered layouts/_footer.html.erb (0.0ms)
  Rendered static_pages/home.html.erb within layouts/application (1.7ms)
  Rendered layouts/_shim.html.erb (0.0ms)
  Rendered layouts/_header.html.erb (0.2ms)
Completed 200 OK in 40ms (Views: 39.3ms | ActiveRecord: 0.0ms)


Started GET "/assets/static_pages.css?body=1" for 127.0.0.1 at 2015-02-11 23:12:37 +0700


Started GET "/assets/jquery.js?body=1" for 127.0.0.1 at 2015-02-11 23:12:37 +0700


Started GET "/assets/application.css?body=1" for 127.0.0.1 at 2015-02-11 23:12:37 +0700


Started GET "/assets/static_pages.js?body=1" for 127.0.0.1 at 2015-02-11 23:12:37 +0700


Started GET "/assets/jquery_ujs.js?body=1" for 127.0.0.1 at 2015-02-11 23:12:37 +0700


Started GET "/assets/turbolinks.js?body=1" for 127.0.0.1 at 2015-02-11 23:12:37 +0700


Started GET "/assets/application.js?body=1" for 127.0.0.1 at 2015-02-11 23:12:37 +0700


Started GET "/" for 127.0.0.1 at 2015-02-11 23:12:58 +0700
Processing by StaticPagesController#home as HTML
  Rendered layouts/_header.html.erb (0.7ms)
  Rendered layouts/_footer.html.erb (0.1ms)
  Rendered static_pages/home.html.erb within layouts/application (1.9ms)
  Rendered layouts/_shim.html.erb (0.0ms)
  Rendered layouts/_header.html.erb (0.1ms)
Completed 200 OK in 44ms (Views: 43.3ms | ActiveRecord: 0.0ms)


Started GET "/assets/static_pages.css?body=1" for 127.0.0.1 at 2015-02-11 23:12:58 +0700


Started GET "/assets/jquery.js?body=1" for 127.0.0.1 at 2015-02-11 23:12:58 +0700


Started GET "/assets/application.css?body=1" for 127.0.0.1 at 2015-02-11 23:12:58 +0700


Started GET "/assets/turbolinks.js?body=1" for 127.0.0.1 at 2015-02-11 23:12:58 +0700


Started GET "/assets/static_pages.js?body=1" for 127.0.0.1 at 2015-02-11 23:12:58 +0700


Started GET "/assets/jquery_ujs.js?body=1" for 127.0.0.1 at 2015-02-11 23:12:58 +0700


Started GET "/assets/application.js?body=1" for 127.0.0.1 at 2015-02-11 23:12:58 +0700


Started GET "/" for 127.0.0.1 at 2015-02-11 23:13:43 +0700
Processing by StaticPagesController#home as HTML
  Rendered layouts/_header.html.erb (0.2ms)
  Rendered layouts/_footer.html.erb (0.0ms)
  Rendered static_pages/home.html.erb within layouts/application (1.6ms)
  Rendered layouts/_shim.html.erb (0.0ms)
  Rendered layouts/_header.html.erb (0.1ms)
Completed 200 OK in 1004ms (Views: 1003.5ms | ActiveRecord: 0.0ms)


Started GET "/assets/static_pages.css?body=1" for 127.0.0.1 at 2015-02-11 23:13:44 +0700


Started GET "/assets/application.css?body=1" for 127.0.0.1 at 2015-02-11 23:13:44 +0700


Started GET "/assets/jquery_ujs.js?body=1" for 127.0.0.1 at 2015-02-11 23:13:44 +0700


Started GET "/assets/jquery.js?body=1" for 127.0.0.1 at 2015-02-11 23:13:44 +0700


Started GET "/assets/turbolinks.js?body=1" for 127.0.0.1 at 2015-02-11 23:13:44 +0700


Started GET "/assets/static_pages.js?body=1" for 127.0.0.1 at 2015-02-11 23:13:44 +0700


Started GET "/assets/application.js?body=1" for 127.0.0.1 at 2015-02-11 23:13:44 +0700


Started GET "/" for 127.0.0.1 at 2015-02-11 23:14:41 +0700
Processing by StaticPagesController#home as HTML
  Rendered layouts/_header.html.erb (0.8ms)
  Rendered layouts/_footer.html.erb (0.1ms)
  Rendered static_pages/home.html.erb within layouts/application (3.4ms)
  Rendered layouts/_shim.html.erb (0.0ms)
  Rendered layouts/_header.html.erb (0.1ms)
Completed 200 OK in 42ms (Views: 41.2ms | ActiveRecord: 0.0ms)


Started GET "/assets/application.css?body=1" for 127.0.0.1 at 2015-02-11 23:14:41 +0700


Started GET "/assets/turbolinks.js?body=1" for 127.0.0.1 at 2015-02-11 23:14:41 +0700


Started GET "/assets/jquery.js?body=1" for 127.0.0.1 at 2015-02-11 23:14:41 +0700


Started GET "/assets/static_pages.css?body=1" for 127.0.0.1 at 2015-02-11 23:14:41 +0700


Started GET "/assets/static_pages.js?body=1" for 127.0.0.1 at 2015-02-11 23:14:41 +0700


Started GET "/assets/application.js?body=1" for 127.0.0.1 at 2015-02-11 23:14:41 +0700


Started GET "/assets/jquery_ujs.js?body=1" for 127.0.0.1 at 2015-02-11 23:14:41 +0700


Started GET "/" for 127.0.0.1 at 2015-02-11 23:15:01 +0700
Processing by StaticPagesController#home as HTML
  Rendered layouts/_header.html.erb (0.2ms)
  Rendered layouts/_footer.html.erb (0.0ms)
  Rendered static_pages/home.html.erb within layouts/application (2.0ms)
  Rendered layouts/_shim.html.erb (0.1ms)
  Rendered layouts/_header.html.erb (0.1ms)
Completed 200 OK in 46ms (Views: 45.1ms | ActiveRecord: 0.0ms)


Started GET "/assets/static_pages.css?body=1" for 127.0.0.1 at 2015-02-11 23:15:01 +0700


Started GET "/assets/jquery.js?body=1" for 127.0.0.1 at 2015-02-11 23:15:01 +0700


Started GET "/assets/static_pages.js?body=1" for 127.0.0.1 at 2015-02-11 23:15:01 +0700


Started GET "/assets/turbolinks.js?body=1" for 127.0.0.1 at 2015-02-11 23:15:01 +0700


Started GET "/assets/jquery_ujs.js?body=1" for 127.0.0.1 at 2015-02-11 23:15:01 +0700


Started GET "/assets/application.css?body=1" for 127.0.0.1 at 2015-02-11 23:15:01 +0700


Started GET "/assets/application.js?body=1" for 127.0.0.1 at 2015-02-11 23:15:01 +0700


Started GET "/" for 127.0.0.1 at 2015-02-11 23:24:03 +0700
Processing by StaticPagesController#home as HTML
  Rendered layouts/_header.html.erb (1.6ms)
  Rendered layouts/_footer.html.erb (1.0ms)
  Rendered static_pages/home.html.erb within layouts/application (5.5ms)
  Rendered layouts/_shim.html.erb (0.0ms)
  Rendered layouts/_header.html.erb (0.2ms)
Completed 200 OK in 1057ms (Views: 1056.3ms | ActiveRecord: 0.0ms)


Started GET "/assets/static_pages.css?body=1" for 127.0.0.1 at 2015-02-11 23:24:04 +0700


Started GET "/assets/application.css?body=1" for 127.0.0.1 at 2015-02-11 23:24:04 +0700


Started GET "/assets/jquery.js?body=1" for 127.0.0.1 at 2015-02-11 23:24:04 +0700


Started GET "/assets/turbolinks.js?body=1" for 127.0.0.1 at 2015-02-11 23:24:04 +0700


Started GET "/assets/jquery_ujs.js?body=1" for 127.0.0.1 at 2015-02-11 23:24:04 +0700


Started GET "/assets/static_pages.js?body=1" for 127.0.0.1 at 2015-02-11 23:24:04 +0700


Started GET "/assets/application.js?body=1" for 127.0.0.1 at 2015-02-11 23:24:04 +0700
